<?xml version="1.0" encoding="UTF-8" ?>
<testsuites>
 <testsuite name="angularjs homepage" timestamp="2017-07-05T21:07:48" hostname="localhost" time="15.629" errors="0" tests="1" skipped="0" disabled="0" failures="0">
  <testcase classname="angularjs homepage" name="should greet the named user" time="9.399" />
 </testsuite>
 <testsuite name="angularjs homepage.todo list" timestamp="2017-07-05T21:07:58" hostname="localhost" time="6.221" errors="0" tests="2" skipped="0" disabled="0" failures="1">
  <testcase classname="angularjs homepage.todo list" name="should list todos" time="3.048">
   <failure type="toEqual" message="Expected &apos;build an AngularJS app&apos; to equal &apos;build an angular app&apos;."><![CDATA[Error: Failed expectation
    at Object.<anonymous> (/Users/admin/datarx/pdas-e2e/e2e/studio/example_spec.js:25:41)
    at /Users/admin/datarx/pdas-e2e/node_modules/gulp-protractor/node_modules/jasminewd2/index.js:94:23
    at new ManagedPromise (/Users/admin/datarx/pdas-e2e/node_modules/gulp-protractor/node_modules/selenium-webdriver/lib/promise.js:1082:7)
    at controlFlowExecute (/Users/admin/datarx/pdas-e2e/node_modules/gulp-protractor/node_modules/jasminewd2/index.js:80:18)
    at TaskQueue.execute_ (/Users/admin/datarx/pdas-e2e/node_modules/gulp-protractor/node_modules/selenium-webdriver/lib/promise.js:2913:14)
    at TaskQueue.executeNext_ (/Users/admin/datarx/pdas-e2e/node_modules/gulp-protractor/node_modules/selenium-webdriver/lib/promise.js:2896:21)
    at asyncRun (/Users/admin/datarx/pdas-e2e/node_modules/gulp-protractor/node_modules/selenium-webdriver/lib/promise.js:2820:25)
    at /Users/admin/datarx/pdas-e2e/node_modules/gulp-protractor/node_modules/selenium-webdriver/lib/promise.js:639:7
    at <anonymous>]]>
   </failure>
  </testcase>
  <testcase classname="angularjs homepage.todo list" name="should add a todo" time="3.171" />
 </testsuite>
</testsuites>